2021-07-27 14:32:02 INFO  StudentApplication:17 - In main
2021-07-27 14:32:04 INFO  StudentController:50 - in display student controller
2021-07-27 14:32:04 INFO  StudentServiceImpl:56 - in display student service implementation
2021-07-27 14:32:04 INFO  StudentDAOImpl:81 - in display student DAO Implementation...
2021-07-27 15:16:11 INFO  StudentApplication:17 - In main
2021-07-27 15:18:16 INFO  StudentApplication:17 - In main
2021-07-27 15:18:36 INFO  StudentController:50 - in display student controller
2021-07-27 15:18:36 INFO  StudentServiceImpl:56 - in display student service implementation
2021-07-27 15:18:36 INFO  StudentDAOImpl:81 - in display student DAO Implementation...
2021-07-27 15:20:35 INFO  CourseApplication:17 - IN MAIN METHOD OF COURSE APP
2021-07-27 15:20:38 INFO  CourseController:77 - IN DISPLAY COURSE-CONTROLLER
2021-07-27 15:20:38 INFO  CourseServiceImpl:79 - IN DISPLAY COURSE-SERVICE
2021-07-27 15:20:38 INFO  CourseDAOImpl:95 - IN DISPLAY COURSE-DAOImpl
2021-07-27 15:20:45 INFO  CourseController:89 - IN FETCH COURSE REPORT-CONTROLLER
2021-07-27 15:20:45 INFO  CourseServiceImpl:89 - IN FETCH COURSE REPORT-SERVICE
2021-07-27 15:20:45 INFO  CourseDAOImpl:128 - IN FETCH COURSE REPORT-DAOImpl
2021-07-27 15:20:51 INFO  CourseController:109 - IN FETCH COURSE BY ID
2021-07-27 15:20:51 INFO  CourseServiceImpl:107 - IN FETCH COURSE BY ID
2021-07-27 15:20:51 INFO  CourseDAOImpl:165 - INSIDE FETCH COURSE BY ID-DAOImpl
2021-07-27 15:20:59 INFO  CourseController:109 - IN FETCH COURSE BY ID
2021-07-27 15:20:59 INFO  CourseServiceImpl:107 - IN FETCH COURSE BY ID
2021-07-27 15:20:59 INFO  CourseDAOImpl:165 - INSIDE FETCH COURSE BY ID-DAOImpl
2021-07-27 16:39:34 INFO  CourseApplication:17 - IN MAIN METHOD OF COURSE APP
2021-07-27 16:39:40 INFO  CourseController:109 - IN FETCH COURSE BY ID
2021-07-27 16:39:40 INFO  CourseServiceImpl:107 - IN FETCH COURSE BY ID
2021-07-27 16:39:40 INFO  CourseDAOImpl:185 - INSIDE FETCH COURSE BY ID-DAOImpl
2021-07-27 16:41:18 INFO  CourseApplication:17 - IN MAIN METHOD OF COURSE APP
2021-07-27 16:41:22 INFO  CourseController:109 - IN FETCH COURSE BY ID
2021-07-27 16:41:22 INFO  CourseServiceImpl:107 - IN FETCH COURSE BY ID
2021-07-27 16:41:22 INFO  CourseDAOImpl:178 - INSIDE FETCH COURSE BY ID-DAOImpl
2021-07-27 16:47:19 INFO  CourseApplication:17 - IN MAIN METHOD OF COURSE APP
2021-07-27 16:48:07 INFO  CourseController:109 - IN FETCH COURSE BY ID
2021-07-27 16:48:07 INFO  CourseServiceImpl:107 - IN FETCH COURSE BY ID
2021-07-27 16:48:07 INFO  CourseDAOImpl:180 - INSIDE FETCH COURSE BY ID-DAOImpl
2021-07-27 16:48:28 INFO  CourseController:109 - IN FETCH COURSE BY ID
2021-07-27 16:48:28 INFO  CourseServiceImpl:107 - IN FETCH COURSE BY ID
2021-07-27 16:48:28 INFO  CourseDAOImpl:180 - INSIDE FETCH COURSE BY ID-DAOImpl
2021-07-27 17:05:38 INFO  CourseApplication:17 - IN MAIN METHOD OF COURSE APP
2021-07-27 17:05:42 INFO  CourseController:109 - IN FETCH COURSE BY ID
2021-07-27 17:05:42 INFO  CourseServiceImpl:107 - IN FETCH COURSE BY ID
2021-07-27 17:05:42 INFO  CourseDAOImpl:168 - INSIDE FETCH COURSE BY ID-DAOImpl
2021-07-27 17:05:51 INFO  CourseController:109 - IN FETCH COURSE BY ID
2021-07-27 17:05:51 INFO  CourseServiceImpl:107 - IN FETCH COURSE BY ID
2021-07-27 17:05:51 INFO  CourseDAOImpl:168 - INSIDE FETCH COURSE BY ID-DAOImpl
2021-07-27 17:06:05 INFO  CourseController:109 - IN FETCH COURSE BY ID
2021-07-27 17:06:05 INFO  CourseServiceImpl:107 - IN FETCH COURSE BY ID
2021-07-27 17:06:05 INFO  CourseDAOImpl:168 - INSIDE FETCH COURSE BY ID-DAOImpl
2021-07-27 17:10:19 INFO  CourseApplication:17 - IN MAIN METHOD OF COURSE APP
2021-07-27 17:10:24 INFO  CourseController:109 - IN FETCH COURSE BY ID
2021-07-27 17:10:24 INFO  CourseServiceImpl:107 - IN FETCH COURSE BY ID
2021-07-27 17:10:24 INFO  CourseDAOImpl:174 - INSIDE FETCH COURSE BY ID-DAOImpl
2021-07-27 17:11:56 INFO  CourseApplication:17 - IN MAIN METHOD OF COURSE APP
2021-07-27 17:11:58 INFO  CourseController:109 - IN FETCH COURSE BY ID
2021-07-27 17:11:58 INFO  CourseServiceImpl:107 - IN FETCH COURSE BY ID
2021-07-27 17:11:58 INFO  CourseDAOImpl:174 - INSIDE FETCH COURSE BY ID-DAOImpl
2021-07-27 17:12:04 INFO  CourseController:109 - IN FETCH COURSE BY ID
2021-07-27 17:12:04 INFO  CourseServiceImpl:107 - IN FETCH COURSE BY ID
2021-07-27 17:12:04 INFO  CourseDAOImpl:174 - INSIDE FETCH COURSE BY ID-DAOImpl
2021-07-27 17:12:14 INFO  CourseController:77 - IN DISPLAY COURSE-CONTROLLER
2021-07-27 17:12:14 INFO  CourseServiceImpl:79 - IN DISPLAY COURSE-SERVICE
2021-07-27 17:12:14 INFO  CourseDAOImpl:95 - IN DISPLAY COURSE-DAOImpl
2021-07-27 18:57:25 INFO  CourseDAOImpl:30 - IN ADD COURSE-DAOImpl
2021-07-27 18:57:56 INFO  CourseDAOImpl:30 - IN ADD COURSE-DAOImpl
2021-07-27 18:58:32 INFO  CourseDAOImpl:30 - IN ADD COURSE-DAOImpl
2021-07-27 19:01:00 INFO  CourseDAOImpl:30 - IN ADD COURSE-DAOImpl
2021-07-27 19:02:07 INFO  CourseDAOImpl:30 - IN ADD COURSE-DAOImpl
2021-07-27 19:13:27 INFO  CourseDAOImpl:30 - IN ADD COURSE-DAOImpl
2021-07-27 19:15:45 INFO  CourseDAOImpl:30 - IN ADD COURSE-DAOImpl
2021-07-27 19:21:07 INFO  CourseDAOImpl:54 - IN DELETE COURSE-DAOImpl
2021-07-27 19:40:48 INFO  CourseApplication:17 - IN MAIN METHOD OF COURSE APP
2021-07-27 19:40:50 INFO  CourseController:109 - IN FETCH COURSE BY ID
2021-07-27 19:40:50 INFO  CourseServiceImpl:107 - IN FETCH COURSE BY ID
2021-07-27 19:40:50 INFO  CourseDAOImpl:203 - INSIDE FETCH COURSE BY ID-DAOImpl
2021-07-27 19:45:28 INFO  CourseApplication:17 - IN MAIN METHOD OF COURSE APP
2021-07-27 19:45:31 INFO  CourseController:109 - IN FETCH COURSE BY ID
2021-07-27 19:45:31 INFO  CourseServiceImpl:107 - IN FETCH COURSE BY ID
2021-07-27 19:45:31 INFO  CourseDAOImpl:203 - INSIDE FETCH COURSE BY ID-DAOImpl
2021-07-27 19:45:36 INFO  CourseController:109 - IN FETCH COURSE BY ID
2021-07-27 19:45:36 INFO  CourseServiceImpl:107 - IN FETCH COURSE BY ID
2021-07-27 19:45:36 INFO  CourseDAOImpl:203 - INSIDE FETCH COURSE BY ID-DAOImpl
2021-07-27 19:45:41 INFO  CourseController:109 - IN FETCH COURSE BY ID
2021-07-27 19:45:41 INFO  CourseServiceImpl:107 - IN FETCH COURSE BY ID
2021-07-27 19:45:41 INFO  CourseDAOImpl:203 - INSIDE FETCH COURSE BY ID-DAOImpl
2021-07-27 19:52:26 INFO  CourseApplication:17 - IN MAIN METHOD OF COURSE APP
2021-07-27 19:52:29 INFO  CourseController:109 - IN FETCH COURSE BY ID
2021-07-27 19:52:29 INFO  CourseServiceImpl:107 - IN FETCH COURSE BY ID
2021-07-27 19:52:29 INFO  CourseDAOImpl:203 - INSIDE FETCH COURSE BY ID-DAOImpl
2021-07-27 19:53:13 INFO  CourseController:109 - IN FETCH COURSE BY ID
2021-07-27 19:53:13 INFO  CourseServiceImpl:107 - IN FETCH COURSE BY ID
2021-07-27 19:53:13 INFO  CourseDAOImpl:203 - INSIDE FETCH COURSE BY ID-DAOImpl
2021-07-27 19:54:30 INFO  CourseApplication:17 - IN MAIN METHOD OF COURSE APP
2021-07-27 19:54:32 INFO  CourseController:109 - IN FETCH COURSE BY ID
2021-07-27 19:54:32 INFO  CourseServiceImpl:107 - IN FETCH COURSE BY ID
2021-07-27 19:54:32 INFO  CourseDAOImpl:203 - INSIDE FETCH COURSE BY ID-DAOImpl
2021-07-27 19:56:18 INFO  CourseController:38 - IN DELETE COURSE-CONTROLLER
2021-07-27 19:56:18 INFO  CourseServiceImpl:43 - IN DELETE COURSE-SERVICE
2021-07-27 19:56:18 INFO  CourseDAOImpl:54 - IN DELETE COURSE-DAOImpl
2021-07-27 19:56:26 INFO  CourseController:77 - IN DISPLAY COURSE-CONTROLLER
2021-07-27 19:56:26 INFO  CourseServiceImpl:79 - IN DISPLAY COURSE-SERVICE
2021-07-27 19:56:26 INFO  CourseDAOImpl:95 - IN DISPLAY COURSE-DAOImpl
2021-07-27 20:03:13 INFO  CourseApplication:17 - IN MAIN METHOD OF COURSE APP
2021-07-27 20:03:25 INFO  CourseController:21 - IN ADD COURSE METHOD-CONTROLLER
2021-07-27 20:03:25 INFO  CourseServiceImpl:22 - IN ADD COURSE-SERVICE
2021-07-27 20:03:25 INFO  CourseDAOImpl:30 - IN ADD COURSE-DAOImpl
2021-07-27 20:16:08 INFO  CourseApplication:17 - IN MAIN METHOD OF COURSE APP
2021-07-27 20:16:18 INFO  CourseController:109 - IN FETCH COURSE BY ID
2021-07-27 20:16:18 INFO  CourseServiceImpl:107 - IN FETCH COURSE BY ID
2021-07-27 20:16:18 INFO  CourseDAOImpl:206 - INSIDE FETCH COURSE BY ID-DAOImpl
2021-07-27 20:16:47 INFO  CourseController:109 - IN FETCH COURSE BY ID
2021-07-27 20:16:47 INFO  CourseServiceImpl:107 - IN FETCH COURSE BY ID
2021-07-27 20:16:47 INFO  CourseDAOImpl:206 - INSIDE FETCH COURSE BY ID-DAOImpl
2021-07-27 20:18:02 INFO  CourseController:38 - IN DELETE COURSE-CONTROLLER
2021-07-27 20:18:02 INFO  CourseServiceImpl:43 - IN DELETE COURSE-SERVICE
2021-07-27 20:18:02 INFO  CourseDAOImpl:54 - IN DELETE COURSE-DAOImpl
2021-07-27 20:21:48 INFO  CourseApplication:17 - IN MAIN METHOD OF COURSE APP
2021-07-27 20:21:52 INFO  CourseController:109 - IN FETCH COURSE BY ID
2021-07-27 20:21:52 INFO  CourseServiceImpl:107 - IN FETCH COURSE BY ID
2021-07-27 20:21:52 INFO  CourseDAOImpl:206 - INSIDE FETCH COURSE BY ID-DAOImpl
2021-07-27 20:27:23 INFO  CourseController:77 - IN DISPLAY COURSE-CONTROLLER
2021-07-27 20:27:23 INFO  CourseServiceImpl:79 - IN DISPLAY COURSE-SERVICE
2021-07-27 20:27:23 INFO  CourseDAOImpl:95 - IN DISPLAY COURSE-DAOImpl
2021-07-27 20:27:54 INFO  CourseController:109 - IN FETCH COURSE BY ID
2021-07-27 20:27:54 INFO  CourseServiceImpl:107 - IN FETCH COURSE BY ID
2021-07-27 20:27:54 INFO  CourseDAOImpl:206 - INSIDE FETCH COURSE BY ID-DAOImpl
2021-07-27 20:29:05 INFO  CourseApplication:17 - IN MAIN METHOD OF COURSE APP
2021-07-27 20:29:08 INFO  CourseController:109 - IN FETCH COURSE BY ID
2021-07-27 20:29:08 INFO  CourseServiceImpl:107 - IN FETCH COURSE BY ID
2021-07-27 20:29:08 INFO  CourseDAOImpl:206 - INSIDE FETCH COURSE BY ID-DAOImpl
2021-07-27 20:30:44 INFO  CourseApplication:17 - IN MAIN METHOD OF COURSE APP
2021-07-27 20:30:50 INFO  CourseController:109 - IN FETCH COURSE BY ID
2021-07-27 20:30:50 INFO  CourseServiceImpl:107 - IN FETCH COURSE BY ID
2021-07-27 20:30:50 INFO  CourseDAOImpl:207 - INSIDE FETCH COURSE BY ID-DAOImpl
2021-07-27 20:31:07 INFO  CourseController:109 - IN FETCH COURSE BY ID
2021-07-27 20:31:07 INFO  CourseServiceImpl:107 - IN FETCH COURSE BY ID
2021-07-27 20:31:07 INFO  CourseDAOImpl:207 - INSIDE FETCH COURSE BY ID-DAOImpl
2021-07-27 20:31:39 INFO  CourseApplication:17 - IN MAIN METHOD OF COURSE APP
2021-07-27 20:31:41 INFO  CourseController:109 - IN FETCH COURSE BY ID
2021-07-27 20:31:41 INFO  CourseServiceImpl:107 - IN FETCH COURSE BY ID
2021-07-27 20:31:41 INFO  CourseDAOImpl:207 - INSIDE FETCH COURSE BY ID-DAOImpl
2021-07-27 20:33:16 INFO  CourseApplication:17 - IN MAIN METHOD OF COURSE APP
2021-07-27 20:33:19 INFO  CourseController:109 - IN FETCH COURSE BY ID
2021-07-27 20:33:19 INFO  CourseServiceImpl:107 - IN FETCH COURSE BY ID
2021-07-27 20:33:19 INFO  CourseDAOImpl:207 - INSIDE FETCH COURSE BY ID-DAOImpl
2021-07-27 20:33:29 INFO  CourseController:77 - IN DISPLAY COURSE-CONTROLLER
2021-07-27 20:33:29 INFO  CourseServiceImpl:79 - IN DISPLAY COURSE-SERVICE
2021-07-27 20:33:29 INFO  CourseDAOImpl:96 - IN DISPLAY COURSE-DAOImpl
2021-07-27 20:33:50 INFO  CourseApplication:17 - IN MAIN METHOD OF COURSE APP
2021-07-27 20:33:53 INFO  CourseController:109 - IN FETCH COURSE BY ID
2021-07-27 20:33:53 INFO  CourseServiceImpl:107 - IN FETCH COURSE BY ID
2021-07-27 20:33:53 INFO  CourseDAOImpl:207 - INSIDE FETCH COURSE BY ID-DAOImpl
2021-07-27 20:34:03 INFO  CourseController:109 - IN FETCH COURSE BY ID
2021-07-27 20:34:03 INFO  CourseServiceImpl:107 - IN FETCH COURSE BY ID
2021-07-27 20:34:03 INFO  CourseDAOImpl:207 - INSIDE FETCH COURSE BY ID-DAOImpl
2021-07-27 20:34:42 INFO  CourseApplication:17 - IN MAIN METHOD OF COURSE APP
2021-07-27 20:34:44 INFO  CourseController:109 - IN FETCH COURSE BY ID
2021-07-27 20:34:44 INFO  CourseServiceImpl:107 - IN FETCH COURSE BY ID
2021-07-27 20:34:44 INFO  CourseDAOImpl:207 - INSIDE FETCH COURSE BY ID-DAOImpl
2021-07-27 20:34:54 INFO  CourseController:109 - IN FETCH COURSE BY ID
2021-07-27 20:34:54 INFO  CourseServiceImpl:107 - IN FETCH COURSE BY ID
2021-07-27 20:34:54 INFO  CourseDAOImpl:207 - INSIDE FETCH COURSE BY ID-DAOImpl
2021-07-27 21:51:31 INFO  CourseDAOImpl:55 - IN DELETE COURSE-DAOImpl
2021-07-27 21:51:31 INFO  CourseDAOImpl:31 - IN ADD COURSE-DAOImpl
2021-07-27 22:02:56 INFO  StudentApplication:18 - In main
